 Tue, 28 Apr 2020 19:43:14  INFO logger.py <module> [ line:27 ] hehehe
 Tue, 28 Apr 2020 19:43:14  INFO conftest.py login_web [ line:30 ] ====================上传的前置，初始化浏览器会话，登录页面====================
 Tue, 28 Apr 2020 19:43:19  INFO basepage.py wait_ele_exists [ line:55 ] 等待登录页面_输入账户元素：('xpath', '//input[@icon = "search user_bg"]')存在成功，耗时：0:00:00.019001
 Tue, 28 Apr 2020 19:43:19  INFO basepage.py get_element [ line:68 ] 等待登录页面_输入账户元素：('xpath', '//input[@icon = "search user_bg"]')可见成功!
 Tue, 28 Apr 2020 19:43:19  INFO basepage.py input_text [ line:94 ] 在登录页面_输入账户的元素：('xpath', '//input[@icon = "search user_bg"]')上输入文本值：13760495929成功!
 Tue, 28 Apr 2020 19:43:21  INFO basepage.py wait_ele_exists [ line:55 ] 等待登录页面_输入密码元素：('xpath', '//input[@icon = "search psd_bg"]')存在成功，耗时：0:00:00.029002
 Tue, 28 Apr 2020 19:43:21  INFO basepage.py get_element [ line:68 ] 等待登录页面_输入密码元素：('xpath', '//input[@icon = "search psd_bg"]')可见成功!
 Tue, 28 Apr 2020 19:43:21  INFO basepage.py input_text [ line:94 ] 在登录页面_输入密码的元素：('xpath', '//input[@icon = "search psd_bg"]')上输入文本值：cl123456成功!
 Tue, 28 Apr 2020 19:43:23  INFO basepage.py wait_ele_visible [ line:40 ] 等待登录页面_点击登录按钮元素：('xpath', '//button[contains (@class,"el-button el-button--primary")]')可见成功，耗时：0:00:00.061003
 Tue, 28 Apr 2020 19:43:23  INFO basepage.py get_element [ line:68 ] 等待登录页面_点击登录按钮元素：('xpath', '//button[contains (@class,"el-button el-button--primary")]')可见成功!
 Tue, 28 Apr 2020 19:43:23  INFO basepage.py click_element [ line:79 ] 点击登录页面_点击登录按钮元素：('xpath', '//button[contains (@class,"el-button el-button--primary")]')成功!
 Tue, 28 Apr 2020 19:43:25  INFO basepage.py wait_ele_visible [ line:40 ] 等待首页_发起签约按钮元素：('xpath', '//span[text() ="发起签约"]')可见成功，耗时：0:00:01.696097
 Tue, 28 Apr 2020 19:43:25  INFO basepage.py get_element [ line:68 ] 等待首页_发起签约按钮元素：('xpath', '//span[text() ="发起签约"]')可见成功!
 Tue, 28 Apr 2020 19:43:25  INFO basepage.py click_element [ line:79 ] 点击首页_发起签约按钮元素：('xpath', '//span[text() ="发起签约"]')成功!
 Tue, 28 Apr 2020 19:43:25  INFO test_02_addSigner.py test_Specify_user [ line:31 ] *****************添加签署人付款方式为指定付*********************
 Tue, 28 Apr 2020 19:43:27  INFO basepage.py wait_ele_exists [ line:55 ] 等待上传合同页面_上传合同文件元素：('xpath', '//input[@class = "uploadinput"]')存在成功，耗时：0:00:01.555089
 Tue, 28 Apr 2020 19:43:27  INFO basepage.py get_element [ line:68 ] 等待上传合同页面_上传合同文件元素：('xpath', '//input[@class = "uploadinput"]')可见成功!
 Tue, 28 Apr 2020 19:43:27  INFO basepage.py input_text [ line:94 ] 在上传合同页面_上传合同文件的元素：('xpath', '//input[@class = "uploadinput"]')上输入文本值：D:\PycharmProjects\web001\data\123.jpg成功!
 Tue, 28 Apr 2020 19:43:30  INFO basepage.py wait_ele_exists [ line:55 ] 等待上传合同页面_上传附件元素：('xpath', '//input[@class = "uploadfile"]')存在成功，耗时：0:00:00.028002
 Tue, 28 Apr 2020 19:43:30  INFO basepage.py get_element [ line:68 ] 等待上传合同页面_上传附件元素：('xpath', '//input[@class = "uploadfile"]')可见成功!
 Tue, 28 Apr 2020 19:43:30  INFO basepage.py input_text [ line:94 ] 在上传合同页面_上传附件的元素：('xpath', '//input[@class = "uploadfile"]')上输入文本值：D:\PycharmProjects\web001\data\123.jpg成功!
 Tue, 28 Apr 2020 19:43:33  INFO basepage.py wait_ele_visible [ line:40 ] 等待上传合同页面_点击下一步元素：('xpath', '//span[text() = "下一步"]')可见成功，耗时：0:00:00.048003
 Tue, 28 Apr 2020 19:43:33  INFO basepage.py get_element [ line:68 ] 等待上传合同页面_点击下一步元素：('xpath', '//span[text() = "下一步"]')可见成功!
 Tue, 28 Apr 2020 19:43:33  INFO basepage.py click_element [ line:79 ] 点击上传合同页面_点击下一步元素：('xpath', '//span[text() = "下一步"]')成功!
 Tue, 28 Apr 2020 19:43:36  INFO basepage.py wait_ele_visible [ line:40 ] 等待添加签署人页面_点击添加签署人元素：('xpath', '//span[text()="添加签署人"]')可见成功，耗时：0:00:00.056003
 Tue, 28 Apr 2020 19:43:36  INFO basepage.py get_element [ line:68 ] 等待添加签署人页面_点击添加签署人元素：('xpath', '//span[text()="添加签署人"]')可见成功!
 Tue, 28 Apr 2020 19:43:36  INFO basepage.py click_element [ line:79 ] 点击添加签署人页面_点击添加签署人元素：('xpath', '//span[text()="添加签署人"]')成功!
 Tue, 28 Apr 2020 19:43:36  INFO basepage.py wait_ele_exists [ line:55 ] 等待添加签署人页面_输入签署人元素：('xpath', '//div[@class = "info"]/ul[2]/li[2]/div[@class = "el-row"]/div[1]/div/input[1]')存在成功，耗时：0:00:00.031002
 Tue, 28 Apr 2020 19:43:36  INFO basepage.py get_element [ line:68 ] 等待添加签署人页面_输入签署人元素：('xpath', '//div[@class = "info"]/ul[2]/li[2]/div[@class = "el-row"]/div[1]/div/input[1]')可见成功!
 Tue, 28 Apr 2020 19:43:36  INFO basepage.py input_text [ line:94 ] 在添加签署人页面_输入签署人的元素：('xpath', '//div[@class = "info"]/ul[2]/li[2]/div[@class = "el-row"]/div[1]/div/input[1]')上输入文本值：19333333333成功!
 Tue, 28 Apr 2020 19:43:36  INFO basepage.py wait_ele_visible [ line:40 ] 等待添加签署人页面_点击指定付按钮元素：('xpath', '//label[@class = "el-radio radio2"]/span')可见成功，耗时：0:00:00.025001
 Tue, 28 Apr 2020 19:43:36  INFO basepage.py get_element [ line:68 ] 等待添加签署人页面_点击指定付按钮元素：('xpath', '//label[@class = "el-radio radio2"]/span')可见成功!
 Tue, 28 Apr 2020 19:43:37  INFO basepage.py click_element [ line:79 ] 点击添加签署人页面_点击指定付按钮元素：('xpath', '//label[@class = "el-radio radio2"]/span')成功!
 Tue, 28 Apr 2020 19:43:37  INFO basepage.py wait_ele_visible [ line:40 ] 等待添加签署人页面_点击请选择用户元素：('xpath', '//div[@class ="head-right"]/div[1]/div[1]/div[1]/input')可见成功，耗时：0:00:00.021001
 Tue, 28 Apr 2020 19:43:37  INFO basepage.py get_element [ line:68 ] 等待添加签署人页面_点击请选择用户元素：('xpath', '//div[@class ="head-right"]/div[1]/div[1]/div[1]/input')可见成功!
 Tue, 28 Apr 2020 19:43:37  INFO basepage.py click_element [ line:79 ] 点击添加签署人页面_点击请选择用户元素：('xpath', '//div[@class ="head-right"]/div[1]/div[1]/div[1]/input')成功!
 Tue, 28 Apr 2020 19:44:04  INFO basepage.py wait_ele_visible [ line:40 ] 等待添加签署人页面_选择指定付用户元素：('xpath', '//li[@class ="el-select-dropdown__item hover"]/span[1]')可见成功，耗时：0:00:24.059376
 Tue, 28 Apr 2020 19:44:04  INFO basepage.py get_element [ line:68 ] 等待添加签署人页面_选择指定付用户元素：('xpath', '//li[@class ="el-select-dropdown__item hover"]/span[1]')可见成功!
 Tue, 28 Apr 2020 19:44:04  INFO basepage.py click_element [ line:79 ] 点击添加签署人页面_选择指定付用户元素：('xpath', '//li[@class ="el-select-dropdown__item hover"]/span[1]')成功!
 Tue, 28 Apr 2020 19:44:04  INFO basepage.py wait_ele_visible [ line:40 ] 等待添加签署人页面_点击下一步元素：('xpath', '//div[@class ="sure_bottom clearfix"]/button[2]/span')可见成功，耗时：0:00:00.029002
 Tue, 28 Apr 2020 19:44:04  INFO basepage.py get_element [ line:68 ] 等待添加签署人页面_点击下一步元素：('xpath', '//div[@class ="sure_bottom clearfix"]/button[2]/span')可见成功!
 Tue, 28 Apr 2020 19:44:04  INFO basepage.py click_element [ line:79 ] 点击添加签署人页面_点击下一步元素：('xpath', '//div[@class ="sure_bottom clearfix"]/button[2]/span')成功!
 Tue, 28 Apr 2020 19:44:25  ERROR basepage.py wait_ele_visible [ line:33 ] 等待元素('xpath', '//div[@class ="sure_bottom clearfix"]/button[2]/span')可见失败!
Traceback (most recent call last):
  File "D:\PycharmProjects\web001\Common\basepage.py", line 31, in wait_ele_visible
    WebDriverWait(self.driver,timeout,frequency).until(EC.visibility_of_element_located(loc))
  File "D:\Python36\lib\site-packages\selenium\webdriver\support\wait.py", line 71, in until
    value = method(self._driver)
  File "D:\Python36\lib\site-packages\selenium\webdriver\support\expected_conditions.py", line 128, in __call__
    return _element_if_visible(_find_element(driver, self.locator))
  File "D:\Python36\lib\site-packages\selenium\webdriver\support\expected_conditions.py", line 415, in _find_element
    raise e
  File "D:\Python36\lib\site-packages\selenium\webdriver\support\expected_conditions.py", line 411, in _find_element
    return driver.find_element(*by)
  File "D:\Python36\lib\site-packages\selenium\webdriver\remote\webdriver.py", line 978, in find_element
    'value': value})['value']
  File "D:\Python36\lib\site-packages\selenium\webdriver\remote\webdriver.py", line 321, in execute
    self.error_handler.check_response(response)
  File "D:\Python36\lib\site-packages\selenium\webdriver\remote\errorhandler.py", line 242, in check_response
    raise exception_class(message, screen, stacktrace)
selenium.common.exceptions.WebDriverException: Message: chrome not reachable
  (Session info: chrome=81.0.4044.113)

 Tue, 28 Apr 2020 19:44:29  ERROR basepage.py save_imgs [ line:180 ] 当前网页截图失败
Traceback (most recent call last):
  File "D:\PycharmProjects\web001\Common\basepage.py", line 31, in wait_ele_visible
    WebDriverWait(self.driver,timeout,frequency).until(EC.visibility_of_element_located(loc))
  File "D:\Python36\lib\site-packages\selenium\webdriver\support\wait.py", line 71, in until
    value = method(self._driver)
  File "D:\Python36\lib\site-packages\selenium\webdriver\support\expected_conditions.py", line 128, in __call__
    return _element_if_visible(_find_element(driver, self.locator))
  File "D:\Python36\lib\site-packages\selenium\webdriver\support\expected_conditions.py", line 415, in _find_element
    raise e
  File "D:\Python36\lib\site-packages\selenium\webdriver\support\expected_conditions.py", line 411, in _find_element
    return driver.find_element(*by)
  File "D:\Python36\lib\site-packages\selenium\webdriver\remote\webdriver.py", line 978, in find_element
    'value': value})['value']
  File "D:\Python36\lib\site-packages\selenium\webdriver\remote\webdriver.py", line 321, in execute
    self.error_handler.check_response(response)
  File "D:\Python36\lib\site-packages\selenium\webdriver\remote\errorhandler.py", line 242, in check_response
    raise exception_class(message, screen, stacktrace)
selenium.common.exceptions.WebDriverException: Message: chrome not reachable
  (Session info: chrome=81.0.4044.113)


During handling of the above exception, another exception occurred:

Traceback (most recent call last):
  File "D:\PycharmProjects\web001\Common\basepage.py", line 178, in save_imgs
    self.driver.save_screenshot(img_path)
  File "D:\Python36\lib\site-packages\selenium\webdriver\remote\webdriver.py", line 1055, in save_screenshot
    return self.get_screenshot_as_file(filename)
  File "D:\Python36\lib\site-packages\selenium\webdriver\remote\webdriver.py", line 1032, in get_screenshot_as_file
    png = self.get_screenshot_as_png()
  File "D:\Python36\lib\site-packages\selenium\webdriver\remote\webdriver.py", line 1064, in get_screenshot_as_png
    return base64.b64decode(self.get_screenshot_as_base64().encode('ascii'))
  File "D:\Python36\lib\site-packages\selenium\webdriver\remote\webdriver.py", line 1074, in get_screenshot_as_base64
    return self.execute(Command.SCREENSHOT)['value']
  File "D:\Python36\lib\site-packages\selenium\webdriver\remote\webdriver.py", line 321, in execute
    self.error_handler.check_response(response)
  File "D:\Python36\lib\site-packages\selenium\webdriver\remote\errorhandler.py", line 242, in check_response
    raise exception_class(message, screen, stacktrace)
selenium.common.exceptions.WebDriverException: Message: chrome not reachable
  (Session info: chrome=81.0.4044.113)

 Tue, 28 Apr 2020 19:44:29  INFO conftest.py login_web [ line:39 ] ====================上传的后置：关闭浏览器会话,清理环境，关闭浏览器====================
